<?xml version="1.0" encoding="UTF-8"?>
<testsuite xmlns:xsi="http://www.w3.org/2001/XMLSchema-instance" xsi:noNamespaceSchemaLocation="https://maven.apache.org/surefire/maven-surefire-plugin/xsd/surefire-test-report-3.0.xsd" version="3.0" name="com.siddydevelops.Database.controllers.BookControllerIntegrationTests" time="6.529" tests="9" errors="0" skipped="0" failures="0">
  <properties>
    <property name="java.specification.version" value="17"/>
    <property name="sun.cpu.isalist" value="amd64"/>
    <property name="sun.jnu.encoding" value="Cp1252"/>
    <property name="java.class.path" value="C:\Users\siddh\IdeaProjects\Database\Database - JPA\target\test-classes;C:\Users\siddh\IdeaProjects\Database\Database - JPA\target\classes;C:\Users\siddh\.m2\repository\org\springframework\boot\spring-boot-starter-web\3.2.1\spring-boot-starter-web-3.2.1.jar;C:\Users\siddh\.m2\repository\org\springframework\boot\spring-boot-starter\3.2.1\spring-boot-starter-3.2.1.jar;C:\Users\siddh\.m2\repository\org\springframework\boot\spring-boot\3.2.1\spring-boot-3.2.1.jar;C:\Users\siddh\.m2\repository\org\springframework\boot\spring-boot-autoconfigure\3.2.1\spring-boot-autoconfigure-3.2.1.jar;C:\Users\siddh\.m2\repository\org\springframework\boot\spring-boot-starter-logging\3.2.1\spring-boot-starter-logging-3.2.1.jar;C:\Users\siddh\.m2\repository\ch\qos\logback\logback-classic\1.4.14\logback-classic-1.4.14.jar;C:\Users\siddh\.m2\repository\ch\qos\logback\logback-core\1.4.14\logback-core-1.4.14.jar;C:\Users\siddh\.m2\repository\org\apache\logging\log4j\log4j-to-slf4j\2.21.1\log4j-to-slf4j-2.21.1.jar;C:\Users\siddh\.m2\repository\org\apache\logging\log4j\log4j-api\2.21.1\log4j-api-2.21.1.jar;C:\Users\siddh\.m2\repository\org\slf4j\jul-to-slf4j\2.0.9\jul-to-slf4j-2.0.9.jar;C:\Users\siddh\.m2\repository\jakarta\annotation\jakarta.annotation-api\2.1.1\jakarta.annotation-api-2.1.1.jar;C:\Users\siddh\.m2\repository\org\yaml\snakeyaml\2.2\snakeyaml-2.2.jar;C:\Users\siddh\.m2\repository\org\springframework\boot\spring-boot-starter-json\3.2.1\spring-boot-starter-json-3.2.1.jar;C:\Users\siddh\.m2\repository\com\fasterxml\jackson\core\jackson-databind\2.15.3\jackson-databind-2.15.3.jar;C:\Users\siddh\.m2\repository\com\fasterxml\jackson\core\jackson-annotations\2.15.3\jackson-annotations-2.15.3.jar;C:\Users\siddh\.m2\repository\com\fasterxml\jackson\core\jackson-core\2.15.3\jackson-core-2.15.3.jar;C:\Users\siddh\.m2\repository\com\fasterxml\jackson\datatype\jackson-datatype-jdk8\2.15.3\jackson-datatype-jdk8-2.15.3.jar;C:\Users\siddh\.m2\repository\com\fasterxml\jackson\datatype\jackson-datatype-jsr310\2.15.3\jackson-datatype-jsr310-2.15.3.jar;C:\Users\siddh\.m2\repository\com\fasterxml\jackson\module\jackson-module-parameter-names\2.15.3\jackson-module-parameter-names-2.15.3.jar;C:\Users\siddh\.m2\repository\org\springframework\boot\spring-boot-starter-tomcat\3.2.1\spring-boot-starter-tomcat-3.2.1.jar;C:\Users\siddh\.m2\repository\org\apache\tomcat\embed\tomcat-embed-core\10.1.17\tomcat-embed-core-10.1.17.jar;C:\Users\siddh\.m2\repository\org\apache\tomcat\embed\tomcat-embed-el\10.1.17\tomcat-embed-el-10.1.17.jar;C:\Users\siddh\.m2\repository\org\apache\tomcat\embed\tomcat-embed-websocket\10.1.17\tomcat-embed-websocket-10.1.17.jar;C:\Users\siddh\.m2\repository\org\springframework\spring-web\6.1.2\spring-web-6.1.2.jar;C:\Users\siddh\.m2\repository\org\springframework\spring-beans\6.1.2\spring-beans-6.1.2.jar;C:\Users\siddh\.m2\repository\io\micrometer\micrometer-observation\1.12.1\micrometer-observation-1.12.1.jar;C:\Users\siddh\.m2\repository\io\micrometer\micrometer-commons\1.12.1\micrometer-commons-1.12.1.jar;C:\Users\siddh\.m2\repository\org\springframework\spring-webmvc\6.1.2\spring-webmvc-6.1.2.jar;C:\Users\siddh\.m2\repository\org\springframework\spring-aop\6.1.2\spring-aop-6.1.2.jar;C:\Users\siddh\.m2\repository\org\springframework\spring-context\6.1.2\spring-context-6.1.2.jar;C:\Users\siddh\.m2\repository\org\springframework\spring-expression\6.1.2\spring-expression-6.1.2.jar;C:\Users\siddh\.m2\repository\org\springframework\boot\spring-boot-starter-data-jpa\3.2.1\spring-boot-starter-data-jpa-3.2.1.jar;C:\Users\siddh\.m2\repository\org\springframework\boot\spring-boot-starter-aop\3.2.1\spring-boot-starter-aop-3.2.1.jar;C:\Users\siddh\.m2\repository\org\aspectj\aspectjweaver\1.9.21\aspectjweaver-1.9.21.jar;C:\Users\siddh\.m2\repository\org\springframework\boot\spring-boot-starter-jdbc\3.2.1\spring-boot-starter-jdbc-3.2.1.jar;C:\Users\siddh\.m2\repository\com\zaxxer\HikariCP\5.0.1\HikariCP-5.0.1.jar;C:\Users\siddh\.m2\repository\org\springframework\spring-jdbc\6.1.2\spring-jdbc-6.1.2.jar;C:\Users\siddh\.m2\repository\org\hibernate\orm\hibernate-core\6.4.1.Final\hibernate-core-6.4.1.Final.jar;C:\Users\siddh\.m2\repository\jakarta\persistence\jakarta.persistence-api\3.1.0\jakarta.persistence-api-3.1.0.jar;C:\Users\siddh\.m2\repository\jakarta\transaction\jakarta.transaction-api\2.0.1\jakarta.transaction-api-2.0.1.jar;C:\Users\siddh\.m2\repository\org\jboss\logging\jboss-logging\3.5.3.Final\jboss-logging-3.5.3.Final.jar;C:\Users\siddh\.m2\repository\org\hibernate\common\hibernate-commons-annotations\6.0.6.Final\hibernate-commons-annotations-6.0.6.Final.jar;C:\Users\siddh\.m2\repository\io\smallrye\jandex\3.1.2\jandex-3.1.2.jar;C:\Users\siddh\.m2\repository\com\fasterxml\classmate\1.6.0\classmate-1.6.0.jar;C:\Users\siddh\.m2\repository\net\bytebuddy\byte-buddy\1.14.10\byte-buddy-1.14.10.jar;C:\Users\siddh\.m2\repository\org\glassfish\jaxb\jaxb-runtime\4.0.4\jaxb-runtime-4.0.4.jar;C:\Users\siddh\.m2\repository\org\glassfish\jaxb\jaxb-core\4.0.4\jaxb-core-4.0.4.jar;C:\Users\siddh\.m2\repository\org\eclipse\angus\angus-activation\2.0.1\angus-activation-2.0.1.jar;C:\Users\siddh\.m2\repository\org\glassfish\jaxb\txw2\4.0.4\txw2-4.0.4.jar;C:\Users\siddh\.m2\repository\com\sun\istack\istack-commons-runtime\4.1.2\istack-commons-runtime-4.1.2.jar;C:\Users\siddh\.m2\repository\jakarta\inject\jakarta.inject-api\2.0.1\jakarta.inject-api-2.0.1.jar;C:\Users\siddh\.m2\repository\org\antlr\antlr4-runtime\4.13.0\antlr4-runtime-4.13.0.jar;C:\Users\siddh\.m2\repository\org\springframework\data\spring-data-jpa\3.2.1\spring-data-jpa-3.2.1.jar;C:\Users\siddh\.m2\repository\org\springframework\data\spring-data-commons\3.2.1\spring-data-commons-3.2.1.jar;C:\Users\siddh\.m2\repository\org\springframework\spring-orm\6.1.2\spring-orm-6.1.2.jar;C:\Users\siddh\.m2\repository\org\springframework\spring-tx\6.1.2\spring-tx-6.1.2.jar;C:\Users\siddh\.m2\repository\org\slf4j\slf4j-api\2.0.9\slf4j-api-2.0.9.jar;C:\Users\siddh\.m2\repository\org\springframework\spring-aspects\6.1.2\spring-aspects-6.1.2.jar;C:\Users\siddh\.m2\repository\org\postgresql\postgresql\42.6.0\postgresql-42.6.0.jar;C:\Users\siddh\.m2\repository\org\checkerframework\checker-qual\3.31.0\checker-qual-3.31.0.jar;C:\Users\siddh\.m2\repository\org\projectlombok\lombok\1.18.30\lombok-1.18.30.jar;C:\Users\siddh\.m2\repository\org\modelmapper\modelmapper\3.0.0\modelmapper-3.0.0.jar;C:\Users\siddh\.m2\repository\org\springframework\boot\spring-boot-starter-test\3.2.1\spring-boot-starter-test-3.2.1.jar;C:\Users\siddh\.m2\repository\org\springframework\boot\spring-boot-test\3.2.1\spring-boot-test-3.2.1.jar;C:\Users\siddh\.m2\repository\org\springframework\boot\spring-boot-test-autoconfigure\3.2.1\spring-boot-test-autoconfigure-3.2.1.jar;C:\Users\siddh\.m2\repository\com\jayway\jsonpath\json-path\2.8.0\json-path-2.8.0.jar;C:\Users\siddh\.m2\repository\jakarta\xml\bind\jakarta.xml.bind-api\4.0.1\jakarta.xml.bind-api-4.0.1.jar;C:\Users\siddh\.m2\repository\jakarta\activation\jakarta.activation-api\2.1.2\jakarta.activation-api-2.1.2.jar;C:\Users\siddh\.m2\repository\net\minidev\json-smart\2.5.0\json-smart-2.5.0.jar;C:\Users\siddh\.m2\repository\net\minidev\accessors-smart\2.5.0\accessors-smart-2.5.0.jar;C:\Users\siddh\.m2\repository\org\ow2\asm\asm\9.3\asm-9.3.jar;C:\Users\siddh\.m2\repository\org\assertj\assertj-core\3.24.2\assertj-core-3.24.2.jar;C:\Users\siddh\.m2\repository\org\awaitility\awaitility\4.2.0\awaitility-4.2.0.jar;C:\Users\siddh\.m2\repository\org\hamcrest\hamcrest\2.2\hamcrest-2.2.jar;C:\Users\siddh\.m2\repository\org\junit\jupiter\junit-jupiter\5.10.1\junit-jupiter-5.10.1.jar;C:\Users\siddh\.m2\repository\org\junit\jupiter\junit-jupiter-api\5.10.1\junit-jupiter-api-5.10.1.jar;C:\Users\siddh\.m2\repository\org\opentest4j\opentest4j\1.3.0\opentest4j-1.3.0.jar;C:\Users\siddh\.m2\repository\org\junit\platform\junit-platform-commons\1.10.1\junit-platform-commons-1.10.1.jar;C:\Users\siddh\.m2\repository\org\apiguardian\apiguardian-api\1.1.2\apiguardian-api-1.1.2.jar;C:\Users\siddh\.m2\repository\org\junit\jupiter\junit-jupiter-params\5.10.1\junit-jupiter-params-5.10.1.jar;C:\Users\siddh\.m2\repository\org\junit\jupiter\junit-jupiter-engine\5.10.1\junit-jupiter-engine-5.10.1.jar;C:\Users\siddh\.m2\repository\org\junit\platform\junit-platform-engine\1.10.1\junit-platform-engine-1.10.1.jar;C:\Users\siddh\.m2\repository\org\mockito\mockito-core\5.7.0\mockito-core-5.7.0.jar;C:\Users\siddh\.m2\repository\net\bytebuddy\byte-buddy-agent\1.14.10\byte-buddy-agent-1.14.10.jar;C:\Users\siddh\.m2\repository\org\objenesis\objenesis\3.3\objenesis-3.3.jar;C:\Users\siddh\.m2\repository\org\mockito\mockito-junit-jupiter\5.7.0\mockito-junit-jupiter-5.7.0.jar;C:\Users\siddh\.m2\repository\org\skyscreamer\jsonassert\1.5.1\jsonassert-1.5.1.jar;C:\Users\siddh\.m2\repository\com\vaadin\external\google\android-json\0.0.20131108.vaadin1\android-json-0.0.20131108.vaadin1.jar;C:\Users\siddh\.m2\repository\org\springframework\spring-core\6.1.2\spring-core-6.1.2.jar;C:\Users\siddh\.m2\repository\org\springframework\spring-jcl\6.1.2\spring-jcl-6.1.2.jar;C:\Users\siddh\.m2\repository\org\springframework\spring-test\6.1.2\spring-test-6.1.2.jar;C:\Users\siddh\.m2\repository\org\xmlunit\xmlunit-core\2.9.1\xmlunit-core-2.9.1.jar;C:\Users\siddh\.m2\repository\com\h2database\h2\2.2.224\h2-2.2.224.jar;"/>
    <property name="java.vm.vendor" value="Amazon.com Inc."/>
    <property name="sun.arch.data.model" value="64"/>
    <property name="user.variant" value=""/>
    <property name="java.vendor.url" value="https://aws.amazon.com/corretto/"/>
    <property name="user.timezone" value="Asia/Calcutta"/>
    <property name="org.jboss.logging.provider" value="slf4j"/>
    <property name="os.name" value="Windows 11"/>
    <property name="java.vm.specification.version" value="17"/>
    <property name="sun.java.launcher" value="SUN_STANDARD"/>
    <property name="user.country" value="IN"/>
    <property name="sun.boot.library.path" value="C:\Users\siddh\.jdks\corretto-17.0.9\bin"/>
    <property name="sun.java.command" value="C:\Users\siddh\AppData\Local\Temp\surefire1943543517374113608\surefirebooter-20240103223154448_3.jar C:\Users\siddh\AppData\Local\Temp\surefire1943543517374113608 2024-01-03T22-31-53_860-jvmRun1 surefire-20240103223154448_1tmp surefire_0-20240103223154448_2tmp"/>
    <property name="jdk.debug" value="release"/>
    <property name="surefire.test.class.path" value="C:\Users\siddh\IdeaProjects\Database\Database - JPA\target\test-classes;C:\Users\siddh\IdeaProjects\Database\Database - JPA\target\classes;C:\Users\siddh\.m2\repository\org\springframework\boot\spring-boot-starter-web\3.2.1\spring-boot-starter-web-3.2.1.jar;C:\Users\siddh\.m2\repository\org\springframework\boot\spring-boot-starter\3.2.1\spring-boot-starter-3.2.1.jar;C:\Users\siddh\.m2\repository\org\springframework\boot\spring-boot\3.2.1\spring-boot-3.2.1.jar;C:\Users\siddh\.m2\repository\org\springframework\boot\spring-boot-autoconfigure\3.2.1\spring-boot-autoconfigure-3.2.1.jar;C:\Users\siddh\.m2\repository\org\springframework\boot\spring-boot-starter-logging\3.2.1\spring-boot-starter-logging-3.2.1.jar;C:\Users\siddh\.m2\repository\ch\qos\logback\logback-classic\1.4.14\logback-classic-1.4.14.jar;C:\Users\siddh\.m2\repository\ch\qos\logback\logback-core\1.4.14\logback-core-1.4.14.jar;C:\Users\siddh\.m2\repository\org\apache\logging\log4j\log4j-to-slf4j\2.21.1\log4j-to-slf4j-2.21.1.jar;C:\Users\siddh\.m2\repository\org\apache\logging\log4j\log4j-api\2.21.1\log4j-api-2.21.1.jar;C:\Users\siddh\.m2\repository\org\slf4j\jul-to-slf4j\2.0.9\jul-to-slf4j-2.0.9.jar;C:\Users\siddh\.m2\repository\jakarta\annotation\jakarta.annotation-api\2.1.1\jakarta.annotation-api-2.1.1.jar;C:\Users\siddh\.m2\repository\org\yaml\snakeyaml\2.2\snakeyaml-2.2.jar;C:\Users\siddh\.m2\repository\org\springframework\boot\spring-boot-starter-json\3.2.1\spring-boot-starter-json-3.2.1.jar;C:\Users\siddh\.m2\repository\com\fasterxml\jackson\core\jackson-databind\2.15.3\jackson-databind-2.15.3.jar;C:\Users\siddh\.m2\repository\com\fasterxml\jackson\core\jackson-annotations\2.15.3\jackson-annotations-2.15.3.jar;C:\Users\siddh\.m2\repository\com\fasterxml\jackson\core\jackson-core\2.15.3\jackson-core-2.15.3.jar;C:\Users\siddh\.m2\repository\com\fasterxml\jackson\datatype\jackson-datatype-jdk8\2.15.3\jackson-datatype-jdk8-2.15.3.jar;C:\Users\siddh\.m2\repository\com\fasterxml\jackson\datatype\jackson-datatype-jsr310\2.15.3\jackson-datatype-jsr310-2.15.3.jar;C:\Users\siddh\.m2\repository\com\fasterxml\jackson\module\jackson-module-parameter-names\2.15.3\jackson-module-parameter-names-2.15.3.jar;C:\Users\siddh\.m2\repository\org\springframework\boot\spring-boot-starter-tomcat\3.2.1\spring-boot-starter-tomcat-3.2.1.jar;C:\Users\siddh\.m2\repository\org\apache\tomcat\embed\tomcat-embed-core\10.1.17\tomcat-embed-core-10.1.17.jar;C:\Users\siddh\.m2\repository\org\apache\tomcat\embed\tomcat-embed-el\10.1.17\tomcat-embed-el-10.1.17.jar;C:\Users\siddh\.m2\repository\org\apache\tomcat\embed\tomcat-embed-websocket\10.1.17\tomcat-embed-websocket-10.1.17.jar;C:\Users\siddh\.m2\repository\org\springframework\spring-web\6.1.2\spring-web-6.1.2.jar;C:\Users\siddh\.m2\repository\org\springframework\spring-beans\6.1.2\spring-beans-6.1.2.jar;C:\Users\siddh\.m2\repository\io\micrometer\micrometer-observation\1.12.1\micrometer-observation-1.12.1.jar;C:\Users\siddh\.m2\repository\io\micrometer\micrometer-commons\1.12.1\micrometer-commons-1.12.1.jar;C:\Users\siddh\.m2\repository\org\springframework\spring-webmvc\6.1.2\spring-webmvc-6.1.2.jar;C:\Users\siddh\.m2\repository\org\springframework\spring-aop\6.1.2\spring-aop-6.1.2.jar;C:\Users\siddh\.m2\repository\org\springframework\spring-context\6.1.2\spring-context-6.1.2.jar;C:\Users\siddh\.m2\repository\org\springframework\spring-expression\6.1.2\spring-expression-6.1.2.jar;C:\Users\siddh\.m2\repository\org\springframework\boot\spring-boot-starter-data-jpa\3.2.1\spring-boot-starter-data-jpa-3.2.1.jar;C:\Users\siddh\.m2\repository\org\springframework\boot\spring-boot-starter-aop\3.2.1\spring-boot-starter-aop-3.2.1.jar;C:\Users\siddh\.m2\repository\org\aspectj\aspectjweaver\1.9.21\aspectjweaver-1.9.21.jar;C:\Users\siddh\.m2\repository\org\springframework\boot\spring-boot-starter-jdbc\3.2.1\spring-boot-starter-jdbc-3.2.1.jar;C:\Users\siddh\.m2\repository\com\zaxxer\HikariCP\5.0.1\HikariCP-5.0.1.jar;C:\Users\siddh\.m2\repository\org\springframework\spring-jdbc\6.1.2\spring-jdbc-6.1.2.jar;C:\Users\siddh\.m2\repository\org\hibernate\orm\hibernate-core\6.4.1.Final\hibernate-core-6.4.1.Final.jar;C:\Users\siddh\.m2\repository\jakarta\persistence\jakarta.persistence-api\3.1.0\jakarta.persistence-api-3.1.0.jar;C:\Users\siddh\.m2\repository\jakarta\transaction\jakarta.transaction-api\2.0.1\jakarta.transaction-api-2.0.1.jar;C:\Users\siddh\.m2\repository\org\jboss\logging\jboss-logging\3.5.3.Final\jboss-logging-3.5.3.Final.jar;C:\Users\siddh\.m2\repository\org\hibernate\common\hibernate-commons-annotations\6.0.6.Final\hibernate-commons-annotations-6.0.6.Final.jar;C:\Users\siddh\.m2\repository\io\smallrye\jandex\3.1.2\jandex-3.1.2.jar;C:\Users\siddh\.m2\repository\com\fasterxml\classmate\1.6.0\classmate-1.6.0.jar;C:\Users\siddh\.m2\repository\net\bytebuddy\byte-buddy\1.14.10\byte-buddy-1.14.10.jar;C:\Users\siddh\.m2\repository\org\glassfish\jaxb\jaxb-runtime\4.0.4\jaxb-runtime-4.0.4.jar;C:\Users\siddh\.m2\repository\org\glassfish\jaxb\jaxb-core\4.0.4\jaxb-core-4.0.4.jar;C:\Users\siddh\.m2\repository\org\eclipse\angus\angus-activation\2.0.1\angus-activation-2.0.1.jar;C:\Users\siddh\.m2\repository\org\glassfish\jaxb\txw2\4.0.4\txw2-4.0.4.jar;C:\Users\siddh\.m2\repository\com\sun\istack\istack-commons-runtime\4.1.2\istack-commons-runtime-4.1.2.jar;C:\Users\siddh\.m2\repository\jakarta\inject\jakarta.inject-api\2.0.1\jakarta.inject-api-2.0.1.jar;C:\Users\siddh\.m2\repository\org\antlr\antlr4-runtime\4.13.0\antlr4-runtime-4.13.0.jar;C:\Users\siddh\.m2\repository\org\springframework\data\spring-data-jpa\3.2.1\spring-data-jpa-3.2.1.jar;C:\Users\siddh\.m2\repository\org\springframework\data\spring-data-commons\3.2.1\spring-data-commons-3.2.1.jar;C:\Users\siddh\.m2\repository\org\springframework\spring-orm\6.1.2\spring-orm-6.1.2.jar;C:\Users\siddh\.m2\repository\org\springframework\spring-tx\6.1.2\spring-tx-6.1.2.jar;C:\Users\siddh\.m2\repository\org\slf4j\slf4j-api\2.0.9\slf4j-api-2.0.9.jar;C:\Users\siddh\.m2\repository\org\springframework\spring-aspects\6.1.2\spring-aspects-6.1.2.jar;C:\Users\siddh\.m2\repository\org\postgresql\postgresql\42.6.0\postgresql-42.6.0.jar;C:\Users\siddh\.m2\repository\org\checkerframework\checker-qual\3.31.0\checker-qual-3.31.0.jar;C:\Users\siddh\.m2\repository\org\projectlombok\lombok\1.18.30\lombok-1.18.30.jar;C:\Users\siddh\.m2\repository\org\modelmapper\modelmapper\3.0.0\modelmapper-3.0.0.jar;C:\Users\siddh\.m2\repository\org\springframework\boot\spring-boot-starter-test\3.2.1\spring-boot-starter-test-3.2.1.jar;C:\Users\siddh\.m2\repository\org\springframework\boot\spring-boot-test\3.2.1\spring-boot-test-3.2.1.jar;C:\Users\siddh\.m2\repository\org\springframework\boot\spring-boot-test-autoconfigure\3.2.1\spring-boot-test-autoconfigure-3.2.1.jar;C:\Users\siddh\.m2\repository\com\jayway\jsonpath\json-path\2.8.0\json-path-2.8.0.jar;C:\Users\siddh\.m2\repository\jakarta\xml\bind\jakarta.xml.bind-api\4.0.1\jakarta.xml.bind-api-4.0.1.jar;C:\Users\siddh\.m2\repository\jakarta\activation\jakarta.activation-api\2.1.2\jakarta.activation-api-2.1.2.jar;C:\Users\siddh\.m2\repository\net\minidev\json-smart\2.5.0\json-smart-2.5.0.jar;C:\Users\siddh\.m2\repository\net\minidev\accessors-smart\2.5.0\accessors-smart-2.5.0.jar;C:\Users\siddh\.m2\repository\org\ow2\asm\asm\9.3\asm-9.3.jar;C:\Users\siddh\.m2\repository\org\assertj\assertj-core\3.24.2\assertj-core-3.24.2.jar;C:\Users\siddh\.m2\repository\org\awaitility\awaitility\4.2.0\awaitility-4.2.0.jar;C:\Users\siddh\.m2\repository\org\hamcrest\hamcrest\2.2\hamcrest-2.2.jar;C:\Users\siddh\.m2\repository\org\junit\jupiter\junit-jupiter\5.10.1\junit-jupiter-5.10.1.jar;C:\Users\siddh\.m2\repository\org\junit\jupiter\junit-jupiter-api\5.10.1\junit-jupiter-api-5.10.1.jar;C:\Users\siddh\.m2\repository\org\opentest4j\opentest4j\1.3.0\opentest4j-1.3.0.jar;C:\Users\siddh\.m2\repository\org\junit\platform\junit-platform-commons\1.10.1\junit-platform-commons-1.10.1.jar;C:\Users\siddh\.m2\repository\org\apiguardian\apiguardian-api\1.1.2\apiguardian-api-1.1.2.jar;C:\Users\siddh\.m2\repository\org\junit\jupiter\junit-jupiter-params\5.10.1\junit-jupiter-params-5.10.1.jar;C:\Users\siddh\.m2\repository\org\junit\jupiter\junit-jupiter-engine\5.10.1\junit-jupiter-engine-5.10.1.jar;C:\Users\siddh\.m2\repository\org\junit\platform\junit-platform-engine\1.10.1\junit-platform-engine-1.10.1.jar;C:\Users\siddh\.m2\repository\org\mockito\mockito-core\5.7.0\mockito-core-5.7.0.jar;C:\Users\siddh\.m2\repository\net\bytebuddy\byte-buddy-agent\1.14.10\byte-buddy-agent-1.14.10.jar;C:\Users\siddh\.m2\repository\org\objenesis\objenesis\3.3\objenesis-3.3.jar;C:\Users\siddh\.m2\repository\org\mockito\mockito-junit-jupiter\5.7.0\mockito-junit-jupiter-5.7.0.jar;C:\Users\siddh\.m2\repository\org\skyscreamer\jsonassert\1.5.1\jsonassert-1.5.1.jar;C:\Users\siddh\.m2\repository\com\vaadin\external\google\android-json\0.0.20131108.vaadin1\android-json-0.0.20131108.vaadin1.jar;C:\Users\siddh\.m2\repository\org\springframework\spring-core\6.1.2\spring-core-6.1.2.jar;C:\Users\siddh\.m2\repository\org\springframework\spring-jcl\6.1.2\spring-jcl-6.1.2.jar;C:\Users\siddh\.m2\repository\org\springframework\spring-test\6.1.2\spring-test-6.1.2.jar;C:\Users\siddh\.m2\repository\org\xmlunit\xmlunit-core\2.9.1\xmlunit-core-2.9.1.jar;C:\Users\siddh\.m2\repository\com\h2database\h2\2.2.224\h2-2.2.224.jar;"/>
    <property name="sun.cpu.endian" value="little"/>
    <property name="user.home" value="C:\Users\siddh"/>
    <property name="user.language" value="en"/>
    <property name="java.specification.vendor" value="Oracle Corporation"/>
    <property name="java.version.date" value="2023-10-17"/>
    <property name="java.home" value="C:\Users\siddh\.jdks\corretto-17.0.9"/>
    <property name="file.separator" value="\"/>
    <property name="basedir" value="C:\Users\siddh\IdeaProjects\Database\Database - JPA"/>
    <property name="java.vm.compressedOopsMode" value="Zero based"/>
    <property name="line.separator" value="&#10;"/>
    <property name="java.vm.specification.vendor" value="Oracle Corporation"/>
    <property name="java.specification.name" value="Java Platform API Specification"/>
    <property name="FILE_LOG_CHARSET" value="windows-1252"/>
    <property name="java.awt.headless" value="true"/>
    <property name="surefire.real.class.path" value="C:\Users\siddh\AppData\Local\Temp\surefire1943543517374113608\surefirebooter-20240103223154448_3.jar"/>
    <property name="user.script" value=""/>
    <property name="sun.management.compiler" value="HotSpot 64-Bit Tiered Compilers"/>
    <property name="java.runtime.version" value="17.0.9+8-LTS"/>
    <property name="user.name" value="siddh"/>
    <property name="path.separator" value=";"/>
    <property name="os.version" value="10.0"/>
    <property name="java.runtime.name" value="OpenJDK Runtime Environment"/>
    <property name="file.encoding" value="Cp1252"/>
    <property name="java.vm.name" value="OpenJDK 64-Bit Server VM"/>
    <property name="java.vendor.version" value="Corretto-17.0.9.8.1"/>
    <property name="localRepository" value="C:\Users\siddh\.m2\repository"/>
    <property name="java.vendor.url.bug" value="https://github.com/corretto/corretto-17/issues/"/>
    <property name="java.io.tmpdir" value="C:\Users\siddh\AppData\Local\Temp\"/>
    <property name="com.zaxxer.hikari.pool_number" value="20"/>
    <property name="java.version" value="17.0.9"/>
    <property name="user.dir" value="C:\Users\siddh\IdeaProjects\Database\Database - JPA"/>
    <property name="os.arch" value="amd64"/>
    <property name="java.vm.specification.name" value="Java Virtual Machine Specification"/>
    <property name="PID" value="18436"/>
    <property name="sun.os.patch.level" value=""/>
    <property name="CONSOLE_LOG_CHARSET" value="windows-1252"/>
    <property name="native.encoding" value="Cp1252"/>
    <property name="java.library.path" value="C:\Users\siddh\.jdks\corretto-17.0.9\bin;C:\WINDOWS\Sun\Java\bin;C:\WINDOWS\system32;C:\WINDOWS;C:\Program Files\Python311\Scripts\;C:\Program Files\Python311\;C:\DataBase\WINDOWS.X64_193000_db_home\bin;C:\Program Files\Common Files\Oracle\Java\javapath;C:\Program Files (x86)\Common Files\Oracle\Java\javapath;C:\Program Files (x86)\Common Files\Intel\Shared Libraries\redist\intel64\compiler;C:\Windows\system32;C:\Windows;C:\Windows\System32\Wbem;C:\Windows\System32\WindowsPowerShell\v1.0\;C:\Windows\System32\OpenSSH\;C:\Program Files (x86)\NVIDIA Corporation\PhysX\Common;C:\Program Files\NVIDIA Corporation\NVIDIA NvDLISR;C:\msys64\mingw64\bin;C:\WINDOWS\system32;C:\WINDOWS;C:\WINDOWS\System32\Wbem;C:\WINDOWS\System32\WindowsPowerShell\v1.0\;C:\WINDOWS\System32\OpenSSH\;C:\Program Files\Git\cmd;C:\ProgramData\chocolatey\bin;C:\Users\siddh\AppData\Local\Programs\Python\Python39\Scripts;C:\Users\siddh\AppData\Roaming\nvm;C:\Program Files\nodejs;C:\php-8.2.11;;C:\Program Files\Docker\Docker\resources\bin;C:\Program Files\MySQL\MySQL Shell 8.0\bin\;C:\Users\siddh\AppData\Local\Microsoft\WindowsApps;C:\Users\siddh\AppData\Local\Programs\Microsoft VS Code\bin;C:\Users\siddh\AppData\Local\Programs\Hyper\resources\bin;C:\Program Files\heroku\bin;C:\Users\siddh\AppData\Local\Google\Cloud SDK\google-cloud-sdk\bin;C:\Program Files\JetBrains\IntelliJ IDEA 2022.2\bin;;C:\Apache Maven\bin;C:\Users\siddh\AppData\Roaming\npm;C:\Users\siddh\AppData\Roaming\nvm;C:\Program Files\nodejs;C:\Program Files\Python311;;C:\Program Files\JetBrains\IntelliJ IDEA Community Edition 2023.3.2\bin;;."/>
    <property name="java.vm.info" value="mixed mode, sharing"/>
    <property name="java.vendor" value="Amazon.com Inc."/>
    <property name="java.vm.version" value="17.0.9+8-LTS"/>
    <property name="sun.io.unicode.encoding" value="UnicodeLittle"/>
    <property name="java.class.version" value="61.0"/>
  </properties>
  <testcase name="testThatGetBookSuccessfullyReturnsHttp404WhenBookDoesNotExists" classname="com.siddydevelops.Database.controllers.BookControllerIntegrationTests" time="0.042">
    <system-out><![CDATA[2024-01-03T22:32:19.567+05:30  INFO 18436 --- [           main] t.c.s.AnnotationConfigContextLoaderUtils : Could not detect default configuration classes for test class [com.siddydevelops.Database.controllers.BookControllerIntegrationTests]: BookControllerIntegrationTests does not declare any static, non-private, non-final, nested classes annotated with @Configuration.
2024-01-03T22:32:19.573+05:30  INFO 18436 --- [           main] .b.t.c.SpringBootTestContextBootstrapper : Found @SpringBootConfiguration com.siddydevelops.Database.BooksApiApplication for test class com.siddydevelops.Database.controllers.BookControllerIntegrationTests

  .   ____          _            __ _ _
 /\\ / ___'_ __ _ _(_)_ __  __ _ \ \ \ \
( ( )\___ | '_ | '_| | '_ \/ _` | \ \ \ \
 \\/  ___)| |_)| | | | | || (_| |  ) ) ) )
  '  |____| .__|_| |_|_| |_\__, | / / / /
 =========|_|==============|___/=/_/_/_/
 :: Spring Boot ::                (v3.2.1)

2024-01-03T22:32:19.623+05:30  INFO 18436 --- [           main] c.s.D.c.BookControllerIntegrationTests   : Starting BookControllerIntegrationTests using Java 17.0.9 with PID 18436 (started by siddh in C:\Users\siddh\IdeaProjects\Database\Database - JPA)
2024-01-03T22:32:19.624+05:30  INFO 18436 --- [           main] c.s.D.c.BookControllerIntegrationTests   : No active profile set, falling back to 1 default profile: "default"
2024-01-03T22:32:19.876+05:30  INFO 18436 --- [           main] .s.d.r.c.RepositoryConfigurationDelegate : Bootstrapping Spring Data JPA repositories in DEFAULT mode.
2024-01-03T22:32:19.899+05:30  INFO 18436 --- [           main] .s.d.r.c.RepositoryConfigurationDelegate : Finished Spring Data repository scanning in 23 ms. Found 2 JPA repository interfaces.
2024-01-03T22:32:20.002+05:30  INFO 18436 --- [           main] com.zaxxer.hikari.HikariDataSource       : HikariPool-12 - Starting...
2024-01-03T22:32:20.004+05:30  INFO 18436 --- [           main] com.zaxxer.hikari.pool.HikariPool        : HikariPool-12 - Added connection conn110: url=jdbc:h2:mem:testdb user=SA
2024-01-03T22:32:20.005+05:30  INFO 18436 --- [           main] com.zaxxer.hikari.HikariDataSource       : HikariPool-12 - Start completed.
2024-01-03T22:32:20.007+05:30  INFO 18436 --- [           main] o.hibernate.jpa.internal.util.LogHelper  : HHH000204: Processing PersistenceUnitInfo [name: default]
2024-01-03T22:32:20.016+05:30  INFO 18436 --- [           main] o.h.c.internal.RegionFactoryInitiator    : HHH000026: Second-level cache disabled
2024-01-03T22:32:20.026+05:30  INFO 18436 --- [           main] o.s.o.j.p.SpringPersistenceUnitInfo      : No LoadTimeWeaver setup: ignoring JPA class transformer
2024-01-03T22:32:20.090+05:30  INFO 18436 --- [           main] o.h.e.t.j.p.i.JtaPlatformInitiator       : HHH000489: No JTA platform available (set 'hibernate.transaction.jta.platform' to enable JTA platform integration)
2024-01-03T22:32:20.098+05:30  INFO 18436 --- [           main] j.LocalContainerEntityManagerFactoryBean : Initialized JPA EntityManagerFactory for persistence unit 'default'
2024-01-03T22:32:20.180+05:30  WARN 18436 --- [           main] JpaBaseConfiguration$JpaWebConfiguration : spring.jpa.open-in-view is enabled by default. Therefore, database queries may be performed during view rendering. Explicitly configure spring.jpa.open-in-view to disable this warning
2024-01-03T22:32:20.309+05:30  INFO 18436 --- [           main] o.s.b.t.m.w.SpringBootMockServletContext : Initializing Spring TestDispatcherServlet ''
2024-01-03T22:32:20.309+05:30  INFO 18436 --- [           main] o.s.t.web.servlet.TestDispatcherServlet  : Initializing Servlet ''
2024-01-03T22:32:20.310+05:30  INFO 18436 --- [           main] o.s.t.web.servlet.TestDispatcherServlet  : Completed initialization in 1 ms
2024-01-03T22:32:20.320+05:30  INFO 18436 --- [           main] c.s.D.c.BookControllerIntegrationTests   : Started BookControllerIntegrationTests in 0.739 seconds (process running for 25.183)
2024-01-03T22:32:20.361+05:30  INFO 18436 --- [           main] j.LocalContainerEntityManagerFactoryBean : Closing JPA EntityManagerFactory for persistence unit 'default'
2024-01-03T22:32:20.363+05:30  INFO 18436 --- [           main] com.zaxxer.hikari.HikariDataSource       : HikariPool-12 - Shutdown initiated...
2024-01-03T22:32:20.365+05:30  INFO 18436 --- [           main] com.zaxxer.hikari.HikariDataSource       : HikariPool-12 - Shutdown completed.
]]></system-out>
  </testcase>
  <testcase name="testThatListBookSuccessfullyListOfBooks" classname="com.siddydevelops.Database.controllers.BookControllerIntegrationTests" time="0.045">
    <system-out><![CDATA[
  .   ____          _            __ _ _
 /\\ / ___'_ __ _ _(_)_ __  __ _ \ \ \ \
( ( )\___ | '_ | '_| | '_ \/ _` | \ \ \ \
 \\/  ___)| |_)| | | | | || (_| |  ) ) ) )
  '  |____| .__|_| |_|_| |_\__, | / / / /
 =========|_|==============|___/=/_/_/_/
 :: Spring Boot ::                (v3.2.1)

2024-01-03T22:32:20.399+05:30  INFO 18436 --- [           main] c.s.D.c.BookControllerIntegrationTests   : Starting BookControllerIntegrationTests using Java 17.0.9 with PID 18436 (started by siddh in C:\Users\siddh\IdeaProjects\Database\Database - JPA)
2024-01-03T22:32:20.399+05:30  INFO 18436 --- [           main] c.s.D.c.BookControllerIntegrationTests   : No active profile set, falling back to 1 default profile: "default"
2024-01-03T22:32:20.626+05:30  INFO 18436 --- [           main] .s.d.r.c.RepositoryConfigurationDelegate : Bootstrapping Spring Data JPA repositories in DEFAULT mode.
2024-01-03T22:32:20.644+05:30  INFO 18436 --- [           main] .s.d.r.c.RepositoryConfigurationDelegate : Finished Spring Data repository scanning in 16 ms. Found 2 JPA repository interfaces.
2024-01-03T22:32:20.730+05:30  INFO 18436 --- [           main] com.zaxxer.hikari.HikariDataSource       : HikariPool-13 - Starting...
2024-01-03T22:32:20.732+05:30  INFO 18436 --- [           main] com.zaxxer.hikari.pool.HikariPool        : HikariPool-13 - Added connection conn120: url=jdbc:h2:mem:testdb user=SA
2024-01-03T22:32:20.732+05:30  INFO 18436 --- [           main] com.zaxxer.hikari.HikariDataSource       : HikariPool-13 - Start completed.
2024-01-03T22:32:20.734+05:30  INFO 18436 --- [           main] o.hibernate.jpa.internal.util.LogHelper  : HHH000204: Processing PersistenceUnitInfo [name: default]
2024-01-03T22:32:20.739+05:30  INFO 18436 --- [           main] o.h.c.internal.RegionFactoryInitiator    : HHH000026: Second-level cache disabled
2024-01-03T22:32:20.746+05:30  INFO 18436 --- [           main] o.s.o.j.p.SpringPersistenceUnitInfo      : No LoadTimeWeaver setup: ignoring JPA class transformer
2024-01-03T22:32:20.845+05:30  INFO 18436 --- [           main] o.h.e.t.j.p.i.JtaPlatformInitiator       : HHH000489: No JTA platform available (set 'hibernate.transaction.jta.platform' to enable JTA platform integration)
2024-01-03T22:32:20.852+05:30  INFO 18436 --- [           main] j.LocalContainerEntityManagerFactoryBean : Initialized JPA EntityManagerFactory for persistence unit 'default'
2024-01-03T22:32:20.927+05:30  WARN 18436 --- [           main] JpaBaseConfiguration$JpaWebConfiguration : spring.jpa.open-in-view is enabled by default. Therefore, database queries may be performed during view rendering. Explicitly configure spring.jpa.open-in-view to disable this warning
2024-01-03T22:32:21.061+05:30  INFO 18436 --- [           main] o.s.b.t.m.w.SpringBootMockServletContext : Initializing Spring TestDispatcherServlet ''
2024-01-03T22:32:21.061+05:30  INFO 18436 --- [           main] o.s.t.web.servlet.TestDispatcherServlet  : Initializing Servlet ''
2024-01-03T22:32:21.062+05:30  INFO 18436 --- [           main] o.s.t.web.servlet.TestDispatcherServlet  : Completed initialization in 1 ms
2024-01-03T22:32:21.070+05:30  INFO 18436 --- [           main] c.s.D.c.BookControllerIntegrationTests   : Started BookControllerIntegrationTests in 0.701 seconds (process running for 25.934)
2024-01-03T22:32:21.115+05:30  INFO 18436 --- [           main] j.LocalContainerEntityManagerFactoryBean : Closing JPA EntityManagerFactory for persistence unit 'default'
2024-01-03T22:32:21.117+05:30  INFO 18436 --- [           main] com.zaxxer.hikari.HikariDataSource       : HikariPool-13 - Shutdown initiated...
2024-01-03T22:32:21.119+05:30  INFO 18436 --- [           main] com.zaxxer.hikari.HikariDataSource       : HikariPool-13 - Shutdown completed.
]]></system-out>
  </testcase>
  <testcase name="testThatFullUpdateBookSuccessfullyReturnsHttp200WhenBookExists" classname="com.siddydevelops.Database.controllers.BookControllerIntegrationTests" time="0.065">
    <system-out><![CDATA[
  .   ____          _            __ _ _
 /\\ / ___'_ __ _ _(_)_ __  __ _ \ \ \ \
( ( )\___ | '_ | '_| | '_ \/ _` | \ \ \ \
 \\/  ___)| |_)| | | | | || (_| |  ) ) ) )
  '  |____| .__|_| |_|_| |_\__, | / / / /
 =========|_|==============|___/=/_/_/_/
 :: Spring Boot ::                (v3.2.1)

2024-01-03T22:32:21.154+05:30  INFO 18436 --- [           main] c.s.D.c.BookControllerIntegrationTests   : Starting BookControllerIntegrationTests using Java 17.0.9 with PID 18436 (started by siddh in C:\Users\siddh\IdeaProjects\Database\Database - JPA)
2024-01-03T22:32:21.155+05:30  INFO 18436 --- [           main] c.s.D.c.BookControllerIntegrationTests   : No active profile set, falling back to 1 default profile: "default"
2024-01-03T22:32:21.432+05:30  INFO 18436 --- [           main] .s.d.r.c.RepositoryConfigurationDelegate : Bootstrapping Spring Data JPA repositories in DEFAULT mode.
2024-01-03T22:32:21.460+05:30  INFO 18436 --- [           main] .s.d.r.c.RepositoryConfigurationDelegate : Finished Spring Data repository scanning in 28 ms. Found 2 JPA repository interfaces.
2024-01-03T22:32:21.596+05:30  INFO 18436 --- [           main] com.zaxxer.hikari.HikariDataSource       : HikariPool-14 - Starting...
2024-01-03T22:32:21.598+05:30  INFO 18436 --- [           main] com.zaxxer.hikari.pool.HikariPool        : HikariPool-14 - Added connection conn130: url=jdbc:h2:mem:testdb user=SA
2024-01-03T22:32:21.598+05:30  INFO 18436 --- [           main] com.zaxxer.hikari.HikariDataSource       : HikariPool-14 - Start completed.
2024-01-03T22:32:21.599+05:30  INFO 18436 --- [           main] o.hibernate.jpa.internal.util.LogHelper  : HHH000204: Processing PersistenceUnitInfo [name: default]
2024-01-03T22:32:21.605+05:30  INFO 18436 --- [           main] o.h.c.internal.RegionFactoryInitiator    : HHH000026: Second-level cache disabled
2024-01-03T22:32:21.614+05:30  INFO 18436 --- [           main] o.s.o.j.p.SpringPersistenceUnitInfo      : No LoadTimeWeaver setup: ignoring JPA class transformer
2024-01-03T22:32:21.663+05:30  INFO 18436 --- [           main] o.h.e.t.j.p.i.JtaPlatformInitiator       : HHH000489: No JTA platform available (set 'hibernate.transaction.jta.platform' to enable JTA platform integration)
2024-01-03T22:32:21.669+05:30  INFO 18436 --- [           main] j.LocalContainerEntityManagerFactoryBean : Initialized JPA EntityManagerFactory for persistence unit 'default'
2024-01-03T22:32:21.749+05:30  WARN 18436 --- [           main] JpaBaseConfiguration$JpaWebConfiguration : spring.jpa.open-in-view is enabled by default. Therefore, database queries may be performed during view rendering. Explicitly configure spring.jpa.open-in-view to disable this warning
2024-01-03T22:32:21.877+05:30  INFO 18436 --- [           main] o.s.b.t.m.w.SpringBootMockServletContext : Initializing Spring TestDispatcherServlet ''
2024-01-03T22:32:21.877+05:30  INFO 18436 --- [           main] o.s.t.web.servlet.TestDispatcherServlet  : Initializing Servlet ''
2024-01-03T22:32:21.878+05:30  INFO 18436 --- [           main] o.s.t.web.servlet.TestDispatcherServlet  : Completed initialization in 1 ms
2024-01-03T22:32:21.887+05:30  INFO 18436 --- [           main] c.s.D.c.BookControllerIntegrationTests   : Started BookControllerIntegrationTests in 0.765 seconds (process running for 26.751)
2024-01-03T22:32:21.953+05:30  INFO 18436 --- [           main] j.LocalContainerEntityManagerFactoryBean : Closing JPA EntityManagerFactory for persistence unit 'default'
2024-01-03T22:32:21.955+05:30  INFO 18436 --- [           main] com.zaxxer.hikari.HikariDataSource       : HikariPool-14 - Shutdown initiated...
2024-01-03T22:32:21.956+05:30  INFO 18436 --- [           main] com.zaxxer.hikari.HikariDataSource       : HikariPool-14 - Shutdown completed.
]]></system-out>
  </testcase>
  <testcase name="testThatGetBookSuccessfullyReturnsHttp200WhenBookExists" classname="com.siddydevelops.Database.controllers.BookControllerIntegrationTests" time="0.026">
    <system-out><![CDATA[
  .   ____          _            __ _ _
 /\\ / ___'_ __ _ _(_)_ __  __ _ \ \ \ \
( ( )\___ | '_ | '_| | '_ \/ _` | \ \ \ \
 \\/  ___)| |_)| | | | | || (_| |  ) ) ) )
  '  |____| .__|_| |_|_| |_\__, | / / / /
 =========|_|==============|___/=/_/_/_/
 :: Spring Boot ::                (v3.2.1)

2024-01-03T22:32:21.985+05:30  INFO 18436 --- [           main] c.s.D.c.BookControllerIntegrationTests   : Starting BookControllerIntegrationTests using Java 17.0.9 with PID 18436 (started by siddh in C:\Users\siddh\IdeaProjects\Database\Database - JPA)
2024-01-03T22:32:21.986+05:30  INFO 18436 --- [           main] c.s.D.c.BookControllerIntegrationTests   : No active profile set, falling back to 1 default profile: "default"
2024-01-03T22:32:22.198+05:30  INFO 18436 --- [           main] .s.d.r.c.RepositoryConfigurationDelegate : Bootstrapping Spring Data JPA repositories in DEFAULT mode.
2024-01-03T22:32:22.217+05:30  INFO 18436 --- [           main] .s.d.r.c.RepositoryConfigurationDelegate : Finished Spring Data repository scanning in 17 ms. Found 2 JPA repository interfaces.
2024-01-03T22:32:22.319+05:30  INFO 18436 --- [           main] com.zaxxer.hikari.HikariDataSource       : HikariPool-15 - Starting...
2024-01-03T22:32:22.320+05:30  INFO 18436 --- [           main] com.zaxxer.hikari.pool.HikariPool        : HikariPool-15 - Added connection conn140: url=jdbc:h2:mem:testdb user=SA
2024-01-03T22:32:22.320+05:30  INFO 18436 --- [           main] com.zaxxer.hikari.HikariDataSource       : HikariPool-15 - Start completed.
2024-01-03T22:32:22.322+05:30  INFO 18436 --- [           main] o.hibernate.jpa.internal.util.LogHelper  : HHH000204: Processing PersistenceUnitInfo [name: default]
2024-01-03T22:32:22.327+05:30  INFO 18436 --- [           main] o.h.c.internal.RegionFactoryInitiator    : HHH000026: Second-level cache disabled
2024-01-03T22:32:22.334+05:30  INFO 18436 --- [           main] o.s.o.j.p.SpringPersistenceUnitInfo      : No LoadTimeWeaver setup: ignoring JPA class transformer
2024-01-03T22:32:22.396+05:30  INFO 18436 --- [           main] o.h.e.t.j.p.i.JtaPlatformInitiator       : HHH000489: No JTA platform available (set 'hibernate.transaction.jta.platform' to enable JTA platform integration)
2024-01-03T22:32:22.404+05:30  INFO 18436 --- [           main] j.LocalContainerEntityManagerFactoryBean : Initialized JPA EntityManagerFactory for persistence unit 'default'
2024-01-03T22:32:22.484+05:30  WARN 18436 --- [           main] JpaBaseConfiguration$JpaWebConfiguration : spring.jpa.open-in-view is enabled by default. Therefore, database queries may be performed during view rendering. Explicitly configure spring.jpa.open-in-view to disable this warning
2024-01-03T22:32:22.591+05:30  INFO 18436 --- [           main] o.s.b.t.m.w.SpringBootMockServletContext : Initializing Spring TestDispatcherServlet ''
2024-01-03T22:32:22.591+05:30  INFO 18436 --- [           main] o.s.t.web.servlet.TestDispatcherServlet  : Initializing Servlet ''
2024-01-03T22:32:22.592+05:30  INFO 18436 --- [           main] o.s.t.web.servlet.TestDispatcherServlet  : Completed initialization in 1 ms
2024-01-03T22:32:22.603+05:30  INFO 18436 --- [           main] c.s.D.c.BookControllerIntegrationTests   : Started BookControllerIntegrationTests in 0.644 seconds (process running for 27.466)
2024-01-03T22:32:22.627+05:30  INFO 18436 --- [           main] j.LocalContainerEntityManagerFactoryBean : Closing JPA EntityManagerFactory for persistence unit 'default'
2024-01-03T22:32:22.630+05:30  INFO 18436 --- [           main] com.zaxxer.hikari.HikariDataSource       : HikariPool-15 - Shutdown initiated...
2024-01-03T22:32:22.632+05:30  INFO 18436 --- [           main] com.zaxxer.hikari.HikariDataSource       : HikariPool-15 - Shutdown completed.
]]></system-out>
  </testcase>
  <testcase name="testThatListBookSuccessfullyReturnsHttp200" classname="com.siddydevelops.Database.controllers.BookControllerIntegrationTests" time="0.02">
    <system-out><![CDATA[
  .   ____          _            __ _ _
 /\\ / ___'_ __ _ _(_)_ __  __ _ \ \ \ \
( ( )\___ | '_ | '_| | '_ \/ _` | \ \ \ \
 \\/  ___)| |_)| | | | | || (_| |  ) ) ) )
  '  |____| .__|_| |_|_| |_\__, | / / / /
 =========|_|==============|___/=/_/_/_/
 :: Spring Boot ::                (v3.2.1)

2024-01-03T22:32:22.681+05:30  INFO 18436 --- [           main] c.s.D.c.BookControllerIntegrationTests   : Starting BookControllerIntegrationTests using Java 17.0.9 with PID 18436 (started by siddh in C:\Users\siddh\IdeaProjects\Database\Database - JPA)
2024-01-03T22:32:22.681+05:30  INFO 18436 --- [           main] c.s.D.c.BookControllerIntegrationTests   : No active profile set, falling back to 1 default profile: "default"
2024-01-03T22:32:22.898+05:30  INFO 18436 --- [           main] .s.d.r.c.RepositoryConfigurationDelegate : Bootstrapping Spring Data JPA repositories in DEFAULT mode.
2024-01-03T22:32:22.917+05:30  INFO 18436 --- [           main] .s.d.r.c.RepositoryConfigurationDelegate : Finished Spring Data repository scanning in 18 ms. Found 2 JPA repository interfaces.
2024-01-03T22:32:23.045+05:30  INFO 18436 --- [           main] com.zaxxer.hikari.HikariDataSource       : HikariPool-16 - Starting...
2024-01-03T22:32:23.046+05:30  INFO 18436 --- [           main] com.zaxxer.hikari.pool.HikariPool        : HikariPool-16 - Added connection conn150: url=jdbc:h2:mem:testdb user=SA
2024-01-03T22:32:23.046+05:30  INFO 18436 --- [           main] com.zaxxer.hikari.HikariDataSource       : HikariPool-16 - Start completed.
2024-01-03T22:32:23.050+05:30  INFO 18436 --- [           main] o.hibernate.jpa.internal.util.LogHelper  : HHH000204: Processing PersistenceUnitInfo [name: default]
2024-01-03T22:32:23.055+05:30  INFO 18436 --- [           main] o.h.c.internal.RegionFactoryInitiator    : HHH000026: Second-level cache disabled
2024-01-03T22:32:23.064+05:30  INFO 18436 --- [           main] o.s.o.j.p.SpringPersistenceUnitInfo      : No LoadTimeWeaver setup: ignoring JPA class transformer
2024-01-03T22:32:23.119+05:30  INFO 18436 --- [           main] o.h.e.t.j.p.i.JtaPlatformInitiator       : HHH000489: No JTA platform available (set 'hibernate.transaction.jta.platform' to enable JTA platform integration)
2024-01-03T22:32:23.123+05:30  INFO 18436 --- [           main] j.LocalContainerEntityManagerFactoryBean : Initialized JPA EntityManagerFactory for persistence unit 'default'
2024-01-03T22:32:23.222+05:30  WARN 18436 --- [           main] JpaBaseConfiguration$JpaWebConfiguration : spring.jpa.open-in-view is enabled by default. Therefore, database queries may be performed during view rendering. Explicitly configure spring.jpa.open-in-view to disable this warning
2024-01-03T22:32:23.394+05:30  INFO 18436 --- [           main] o.s.b.t.m.w.SpringBootMockServletContext : Initializing Spring TestDispatcherServlet ''
2024-01-03T22:32:23.394+05:30  INFO 18436 --- [           main] o.s.t.web.servlet.TestDispatcherServlet  : Initializing Servlet ''
2024-01-03T22:32:23.395+05:30  INFO 18436 --- [           main] o.s.t.web.servlet.TestDispatcherServlet  : Completed initialization in 1 ms
2024-01-03T22:32:23.404+05:30  INFO 18436 --- [           main] c.s.D.c.BookControllerIntegrationTests   : Started BookControllerIntegrationTests in 0.761 seconds (process running for 28.267)
2024-01-03T22:32:23.422+05:30  INFO 18436 --- [           main] j.LocalContainerEntityManagerFactoryBean : Closing JPA EntityManagerFactory for persistence unit 'default'
2024-01-03T22:32:23.424+05:30  INFO 18436 --- [           main] com.zaxxer.hikari.HikariDataSource       : HikariPool-16 - Shutdown initiated...
2024-01-03T22:32:23.426+05:30  INFO 18436 --- [           main] com.zaxxer.hikari.HikariDataSource       : HikariPool-16 - Shutdown completed.
]]></system-out>
  </testcase>
  <testcase name="testThatGetBookWhenBookExists" classname="com.siddydevelops.Database.controllers.BookControllerIntegrationTests" time="0.033">
    <system-out><![CDATA[
  .   ____          _            __ _ _
 /\\ / ___'_ __ _ _(_)_ __  __ _ \ \ \ \
( ( )\___ | '_ | '_| | '_ \/ _` | \ \ \ \
 \\/  ___)| |_)| | | | | || (_| |  ) ) ) )
  '  |____| .__|_| |_|_| |_\__, | / / / /
 =========|_|==============|___/=/_/_/_/
 :: Spring Boot ::                (v3.2.1)

2024-01-03T22:32:23.464+05:30  INFO 18436 --- [           main] c.s.D.c.BookControllerIntegrationTests   : Starting BookControllerIntegrationTests using Java 17.0.9 with PID 18436 (started by siddh in C:\Users\siddh\IdeaProjects\Database\Database - JPA)
2024-01-03T22:32:23.465+05:30  INFO 18436 --- [           main] c.s.D.c.BookControllerIntegrationTests   : No active profile set, falling back to 1 default profile: "default"
2024-01-03T22:32:23.675+05:30  INFO 18436 --- [           main] .s.d.r.c.RepositoryConfigurationDelegate : Bootstrapping Spring Data JPA repositories in DEFAULT mode.
2024-01-03T22:32:23.697+05:30  INFO 18436 --- [           main] .s.d.r.c.RepositoryConfigurationDelegate : Finished Spring Data repository scanning in 21 ms. Found 2 JPA repository interfaces.
2024-01-03T22:32:23.775+05:30  INFO 18436 --- [           main] com.zaxxer.hikari.HikariDataSource       : HikariPool-17 - Starting...
2024-01-03T22:32:23.776+05:30  INFO 18436 --- [           main] com.zaxxer.hikari.pool.HikariPool        : HikariPool-17 - Added connection conn160: url=jdbc:h2:mem:testdb user=SA
2024-01-03T22:32:23.777+05:30  INFO 18436 --- [           main] com.zaxxer.hikari.HikariDataSource       : HikariPool-17 - Start completed.
2024-01-03T22:32:23.779+05:30  INFO 18436 --- [           main] o.hibernate.jpa.internal.util.LogHelper  : HHH000204: Processing PersistenceUnitInfo [name: default]
2024-01-03T22:32:23.784+05:30  INFO 18436 --- [           main] o.h.c.internal.RegionFactoryInitiator    : HHH000026: Second-level cache disabled
2024-01-03T22:32:23.792+05:30  INFO 18436 --- [           main] o.s.o.j.p.SpringPersistenceUnitInfo      : No LoadTimeWeaver setup: ignoring JPA class transformer
2024-01-03T22:32:23.840+05:30  INFO 18436 --- [           main] o.h.e.t.j.p.i.JtaPlatformInitiator       : HHH000489: No JTA platform available (set 'hibernate.transaction.jta.platform' to enable JTA platform integration)
2024-01-03T22:32:23.847+05:30  INFO 18436 --- [           main] j.LocalContainerEntityManagerFactoryBean : Initialized JPA EntityManagerFactory for persistence unit 'default'
2024-01-03T22:32:23.927+05:30  WARN 18436 --- [           main] JpaBaseConfiguration$JpaWebConfiguration : spring.jpa.open-in-view is enabled by default. Therefore, database queries may be performed during view rendering. Explicitly configure spring.jpa.open-in-view to disable this warning
2024-01-03T22:32:24.065+05:30  INFO 18436 --- [           main] o.s.b.t.m.w.SpringBootMockServletContext : Initializing Spring TestDispatcherServlet ''
2024-01-03T22:32:24.065+05:30  INFO 18436 --- [           main] o.s.t.web.servlet.TestDispatcherServlet  : Initializing Servlet ''
2024-01-03T22:32:24.067+05:30  INFO 18436 --- [           main] o.s.t.web.servlet.TestDispatcherServlet  : Completed initialization in 2 ms
2024-01-03T22:32:24.076+05:30  INFO 18436 --- [           main] c.s.D.c.BookControllerIntegrationTests   : Started BookControllerIntegrationTests in 0.646 seconds (process running for 28.939)
2024-01-03T22:32:24.107+05:30  INFO 18436 --- [           main] j.LocalContainerEntityManagerFactoryBean : Closing JPA EntityManagerFactory for persistence unit 'default'
2024-01-03T22:32:24.109+05:30  INFO 18436 --- [           main] com.zaxxer.hikari.HikariDataSource       : HikariPool-17 - Shutdown initiated...
2024-01-03T22:32:24.111+05:30  INFO 18436 --- [           main] com.zaxxer.hikari.HikariDataSource       : HikariPool-17 - Shutdown completed.
]]></system-out>
  </testcase>
  <testcase name="testThatCreateBookSuccessfullyReturnsSavedAuthor" classname="com.siddydevelops.Database.controllers.BookControllerIntegrationTests" time="0.034">
    <system-out><![CDATA[
  .   ____          _            __ _ _
 /\\ / ___'_ __ _ _(_)_ __  __ _ \ \ \ \
( ( )\___ | '_ | '_| | '_ \/ _` | \ \ \ \
 \\/  ___)| |_)| | | | | || (_| |  ) ) ) )
  '  |____| .__|_| |_|_| |_\__, | / / / /
 =========|_|==============|___/=/_/_/_/
 :: Spring Boot ::                (v3.2.1)

2024-01-03T22:32:24.153+05:30  INFO 18436 --- [           main] c.s.D.c.BookControllerIntegrationTests   : Starting BookControllerIntegrationTests using Java 17.0.9 with PID 18436 (started by siddh in C:\Users\siddh\IdeaProjects\Database\Database - JPA)
2024-01-03T22:32:24.153+05:30  INFO 18436 --- [           main] c.s.D.c.BookControllerIntegrationTests   : No active profile set, falling back to 1 default profile: "default"
2024-01-03T22:32:24.354+05:30  INFO 18436 --- [           main] .s.d.r.c.RepositoryConfigurationDelegate : Bootstrapping Spring Data JPA repositories in DEFAULT mode.
2024-01-03T22:32:24.371+05:30  INFO 18436 --- [           main] .s.d.r.c.RepositoryConfigurationDelegate : Finished Spring Data repository scanning in 17 ms. Found 2 JPA repository interfaces.
2024-01-03T22:32:24.442+05:30  INFO 18436 --- [           main] com.zaxxer.hikari.HikariDataSource       : HikariPool-18 - Starting...
2024-01-03T22:32:24.443+05:30  INFO 18436 --- [           main] com.zaxxer.hikari.pool.HikariPool        : HikariPool-18 - Added connection conn170: url=jdbc:h2:mem:testdb user=SA
2024-01-03T22:32:24.443+05:30  INFO 18436 --- [           main] com.zaxxer.hikari.HikariDataSource       : HikariPool-18 - Start completed.
2024-01-03T22:32:24.445+05:30  INFO 18436 --- [           main] o.hibernate.jpa.internal.util.LogHelper  : HHH000204: Processing PersistenceUnitInfo [name: default]
2024-01-03T22:32:24.449+05:30  INFO 18436 --- [           main] o.h.c.internal.RegionFactoryInitiator    : HHH000026: Second-level cache disabled
2024-01-03T22:32:24.455+05:30  INFO 18436 --- [           main] o.s.o.j.p.SpringPersistenceUnitInfo      : No LoadTimeWeaver setup: ignoring JPA class transformer
2024-01-03T22:32:24.509+05:30  INFO 18436 --- [           main] o.h.e.t.j.p.i.JtaPlatformInitiator       : HHH000489: No JTA platform available (set 'hibernate.transaction.jta.platform' to enable JTA platform integration)
2024-01-03T22:32:24.515+05:30  INFO 18436 --- [           main] j.LocalContainerEntityManagerFactoryBean : Initialized JPA EntityManagerFactory for persistence unit 'default'
2024-01-03T22:32:24.582+05:30  WARN 18436 --- [           main] JpaBaseConfiguration$JpaWebConfiguration : spring.jpa.open-in-view is enabled by default. Therefore, database queries may be performed during view rendering. Explicitly configure spring.jpa.open-in-view to disable this warning
2024-01-03T22:32:24.694+05:30  INFO 18436 --- [           main] o.s.b.t.m.w.SpringBootMockServletContext : Initializing Spring TestDispatcherServlet ''
2024-01-03T22:32:24.694+05:30  INFO 18436 --- [           main] o.s.t.web.servlet.TestDispatcherServlet  : Initializing Servlet ''
2024-01-03T22:32:24.696+05:30  INFO 18436 --- [           main] o.s.t.web.servlet.TestDispatcherServlet  : Completed initialization in 2 ms
2024-01-03T22:32:24.708+05:30  INFO 18436 --- [           main] c.s.D.c.BookControllerIntegrationTests   : Started BookControllerIntegrationTests in 0.591 seconds (process running for 29.571)
2024-01-03T22:32:24.741+05:30  INFO 18436 --- [           main] j.LocalContainerEntityManagerFactoryBean : Closing JPA EntityManagerFactory for persistence unit 'default'
2024-01-03T22:32:24.743+05:30  INFO 18436 --- [           main] com.zaxxer.hikari.HikariDataSource       : HikariPool-18 - Shutdown initiated...
2024-01-03T22:32:24.746+05:30  INFO 18436 --- [           main] com.zaxxer.hikari.HikariDataSource       : HikariPool-18 - Shutdown completed.
]]></system-out>
  </testcase>
  <testcase name="testThatGetUpdatedBookWhenBookExists" classname="com.siddydevelops.Database.controllers.BookControllerIntegrationTests" time="0.037">
    <system-out><![CDATA[
  .   ____          _            __ _ _
 /\\ / ___'_ __ _ _(_)_ __  __ _ \ \ \ \
( ( )\___ | '_ | '_| | '_ \/ _` | \ \ \ \
 \\/  ___)| |_)| | | | | || (_| |  ) ) ) )
  '  |____| .__|_| |_|_| |_\__, | / / / /
 =========|_|==============|___/=/_/_/_/
 :: Spring Boot ::                (v3.2.1)

2024-01-03T22:32:24.776+05:30  INFO 18436 --- [           main] c.s.D.c.BookControllerIntegrationTests   : Starting BookControllerIntegrationTests using Java 17.0.9 with PID 18436 (started by siddh in C:\Users\siddh\IdeaProjects\Database\Database - JPA)
2024-01-03T22:32:24.776+05:30  INFO 18436 --- [           main] c.s.D.c.BookControllerIntegrationTests   : No active profile set, falling back to 1 default profile: "default"
2024-01-03T22:32:25.022+05:30  INFO 18436 --- [           main] .s.d.r.c.RepositoryConfigurationDelegate : Bootstrapping Spring Data JPA repositories in DEFAULT mode.
2024-01-03T22:32:25.037+05:30  INFO 18436 --- [           main] .s.d.r.c.RepositoryConfigurationDelegate : Finished Spring Data repository scanning in 14 ms. Found 2 JPA repository interfaces.
2024-01-03T22:32:25.108+05:30  INFO 18436 --- [           main] com.zaxxer.hikari.HikariDataSource       : HikariPool-19 - Starting...
2024-01-03T22:32:25.109+05:30  INFO 18436 --- [           main] com.zaxxer.hikari.pool.HikariPool        : HikariPool-19 - Added connection conn180: url=jdbc:h2:mem:testdb user=SA
2024-01-03T22:32:25.109+05:30  INFO 18436 --- [           main] com.zaxxer.hikari.HikariDataSource       : HikariPool-19 - Start completed.
2024-01-03T22:32:25.111+05:30  INFO 18436 --- [           main] o.hibernate.jpa.internal.util.LogHelper  : HHH000204: Processing PersistenceUnitInfo [name: default]
2024-01-03T22:32:25.116+05:30  INFO 18436 --- [           main] o.h.c.internal.RegionFactoryInitiator    : HHH000026: Second-level cache disabled
2024-01-03T22:32:25.122+05:30  INFO 18436 --- [           main] o.s.o.j.p.SpringPersistenceUnitInfo      : No LoadTimeWeaver setup: ignoring JPA class transformer
2024-01-03T22:32:25.179+05:30  INFO 18436 --- [           main] o.h.e.t.j.p.i.JtaPlatformInitiator       : HHH000489: No JTA platform available (set 'hibernate.transaction.jta.platform' to enable JTA platform integration)
2024-01-03T22:32:25.184+05:30  INFO 18436 --- [           main] j.LocalContainerEntityManagerFactoryBean : Initialized JPA EntityManagerFactory for persistence unit 'default'
2024-01-03T22:32:25.253+05:30  WARN 18436 --- [           main] JpaBaseConfiguration$JpaWebConfiguration : spring.jpa.open-in-view is enabled by default. Therefore, database queries may be performed during view rendering. Explicitly configure spring.jpa.open-in-view to disable this warning
2024-01-03T22:32:25.372+05:30  INFO 18436 --- [           main] o.s.b.t.m.w.SpringBootMockServletContext : Initializing Spring TestDispatcherServlet ''
2024-01-03T22:32:25.372+05:30  INFO 18436 --- [           main] o.s.t.web.servlet.TestDispatcherServlet  : Initializing Servlet ''
2024-01-03T22:32:25.372+05:30  INFO 18436 --- [           main] o.s.t.web.servlet.TestDispatcherServlet  : Completed initialization in 0 ms
2024-01-03T22:32:25.382+05:30  INFO 18436 --- [           main] c.s.D.c.BookControllerIntegrationTests   : Started BookControllerIntegrationTests in 0.632 seconds (process running for 30.244)
2024-01-03T22:32:25.417+05:30  INFO 18436 --- [           main] j.LocalContainerEntityManagerFactoryBean : Closing JPA EntityManagerFactory for persistence unit 'default'
2024-01-03T22:32:25.419+05:30  INFO 18436 --- [           main] com.zaxxer.hikari.HikariDataSource       : HikariPool-19 - Shutdown initiated...
2024-01-03T22:32:25.420+05:30  INFO 18436 --- [           main] com.zaxxer.hikari.HikariDataSource       : HikariPool-19 - Shutdown completed.
]]></system-out>
  </testcase>
  <testcase name="testThatCreateBookSuccessfullyReturnsHttp201Created" classname="com.siddydevelops.Database.controllers.BookControllerIntegrationTests" time="0.043">
    <system-out><![CDATA[
  .   ____          _            __ _ _
 /\\ / ___'_ __ _ _(_)_ __  __ _ \ \ \ \
( ( )\___ | '_ | '_| | '_ \/ _` | \ \ \ \
 \\/  ___)| |_)| | | | | || (_| |  ) ) ) )
  '  |____| .__|_| |_|_| |_\__, | / / / /
 =========|_|==============|___/=/_/_/_/
 :: Spring Boot ::                (v3.2.1)

2024-01-03T22:32:25.453+05:30  INFO 18436 --- [           main] c.s.D.c.BookControllerIntegrationTests   : Starting BookControllerIntegrationTests using Java 17.0.9 with PID 18436 (started by siddh in C:\Users\siddh\IdeaProjects\Database\Database - JPA)
2024-01-03T22:32:25.454+05:30  INFO 18436 --- [           main] c.s.D.c.BookControllerIntegrationTests   : No active profile set, falling back to 1 default profile: "default"
2024-01-03T22:32:25.658+05:30  INFO 18436 --- [           main] .s.d.r.c.RepositoryConfigurationDelegate : Bootstrapping Spring Data JPA repositories in DEFAULT mode.
2024-01-03T22:32:25.674+05:30  INFO 18436 --- [           main] .s.d.r.c.RepositoryConfigurationDelegate : Finished Spring Data repository scanning in 15 ms. Found 2 JPA repository interfaces.
2024-01-03T22:32:25.753+05:30  INFO 18436 --- [           main] com.zaxxer.hikari.HikariDataSource       : HikariPool-20 - Starting...
2024-01-03T22:32:25.754+05:30  INFO 18436 --- [           main] com.zaxxer.hikari.pool.HikariPool        : HikariPool-20 - Added connection conn190: url=jdbc:h2:mem:testdb user=SA
2024-01-03T22:32:25.755+05:30  INFO 18436 --- [           main] com.zaxxer.hikari.HikariDataSource       : HikariPool-20 - Start completed.
2024-01-03T22:32:25.756+05:30  INFO 18436 --- [           main] o.hibernate.jpa.internal.util.LogHelper  : HHH000204: Processing PersistenceUnitInfo [name: default]
2024-01-03T22:32:25.761+05:30  INFO 18436 --- [           main] o.h.c.internal.RegionFactoryInitiator    : HHH000026: Second-level cache disabled
2024-01-03T22:32:25.767+05:30  INFO 18436 --- [           main] o.s.o.j.p.SpringPersistenceUnitInfo      : No LoadTimeWeaver setup: ignoring JPA class transformer
2024-01-03T22:32:25.820+05:30  INFO 18436 --- [           main] o.h.e.t.j.p.i.JtaPlatformInitiator       : HHH000489: No JTA platform available (set 'hibernate.transaction.jta.platform' to enable JTA platform integration)
2024-01-03T22:32:25.826+05:30  INFO 18436 --- [           main] j.LocalContainerEntityManagerFactoryBean : Initialized JPA EntityManagerFactory for persistence unit 'default'
2024-01-03T22:32:25.904+05:30  WARN 18436 --- [           main] JpaBaseConfiguration$JpaWebConfiguration : spring.jpa.open-in-view is enabled by default. Therefore, database queries may be performed during view rendering. Explicitly configure spring.jpa.open-in-view to disable this warning
2024-01-03T22:32:26.013+05:30  INFO 18436 --- [           main] o.s.b.t.m.w.SpringBootMockServletContext : Initializing Spring TestDispatcherServlet ''
2024-01-03T22:32:26.013+05:30  INFO 18436 --- [           main] o.s.t.web.servlet.TestDispatcherServlet  : Initializing Servlet ''
2024-01-03T22:32:26.014+05:30  INFO 18436 --- [           main] o.s.t.web.servlet.TestDispatcherServlet  : Completed initialization in 1 ms
2024-01-03T22:32:26.043+05:30  INFO 18436 --- [           main] c.s.D.c.BookControllerIntegrationTests   : Started BookControllerIntegrationTests in 0.618 seconds (process running for 30.906)
2024-01-03T22:32:26.086+05:30  INFO 18436 --- [           main] j.LocalContainerEntityManagerFactoryBean : Closing JPA EntityManagerFactory for persistence unit 'default'
2024-01-03T22:32:26.088+05:30  INFO 18436 --- [           main] com.zaxxer.hikari.HikariDataSource       : HikariPool-20 - Shutdown initiated...
2024-01-03T22:32:26.090+05:30  INFO 18436 --- [           main] com.zaxxer.hikari.HikariDataSource       : HikariPool-20 - Shutdown completed.
]]></system-out>
  </testcase>
</testsuite>